SF:lib/features/decoding/domain/models/decoded_element.dart
DA:11,2
DA:19,0
DA:20,0
LF:3
LH:1
end_of_record
SF:lib/features/decoding/domain/models/video_frame.dart
DA:12,1
DA:25,1
DA:26,2
DA:28,2
DA:29,1
DA:31,3
DA:35,1
DA:43,3
DA:44,3
DA:45,3
DA:46,3
DA:47,3
DA:48,3
DA:49,3
DA:50,1
DA:54,2
DA:57,0
DA:58,0
LF:18
LH:16
end_of_record
SF:lib/features/decoding/domain/services/brightness_threshold.dart
DA:11,2
DA:17,4
DA:21,6
DA:45,4
DA:48,4
DA:52,2
DA:53,2
DA:54,2
DA:55,2
DA:56,2
DA:57,2
DA:60,4
DA:65,4
DA:66,2
DA:68,10
DA:71,4
DA:72,2
DA:74,10
DA:77,6
DA:78,5
DA:80,8
DA:81,8
DA:83,4
DA:84,2
DA:85,4
DA:86,2
DA:89,2
DA:93,2
DA:94,2
DA:95,2
DA:96,2
DA:97,2
LF:32
LH:32
end_of_record
SF:lib/features/decoding/domain/services/video_decoder.dart
DA:53,1
DA:66,1
DA:67,1
DA:95,2
DA:117,1
DA:118,1
DA:119,1
DA:120,1
DA:121,1
DA:122,1
DA:123,1
DA:124,1
DA:130,1
DA:131,1
DA:132,3
DA:134,3
DA:135,3
DA:136,2
DA:141,1
DA:143,2
DA:144,2
DA:145,1
DA:146,1
DA:147,1
DA:155,2
DA:157,5
DA:159,2
DA:160,1
DA:161,1
DA:162,1
DA:164,1
DA:165,1
DA:166,1
DA:170,1
DA:171,2
DA:172,5
DA:173,1
DA:174,2
DA:175,5
DA:176,2
DA:178,1
DA:179,1
DA:180,2
DA:181,1
DA:186,1
DA:187,1
DA:189,2
DA:190,2
DA:192,1
DA:194,3
DA:195,4
DA:196,1
DA:197,2
DA:198,3
DA:199,1
DA:200,2
DA:201,2
DA:204,0
DA:205,0
DA:206,0
DA:210,2
DA:215,1
DA:216,1
DA:218,2
DA:219,2
DA:221,1
DA:223,3
DA:224,4
DA:225,1
DA:230,3
DA:231,1
DA:232,2
DA:233,2
DA:235,1
DA:237,3
DA:238,3
DA:239,1
DA:241,1
DA:242,1
DA:243,1
DA:248,2
DA:249,2
DA:250,1
DA:251,2
DA:254,2
DA:255,3
DA:256,1
DA:260,2
DA:265,1
DA:266,2
DA:267,0
DA:269,2
DA:270,2
DA:271,1
DA:272,1
DA:273,1
DA:285,1
DA:286,1
DA:288,1
DA:289,1
DA:290,2
DA:291,2
DA:295,3
DA:296,3
DA:297,2
DA:300,5
DA:301,5
DA:303,3
DA:304,4
DA:305,3
DA:306,4
DA:312,2
DA:313,2
DA:314,1
DA:315,1
DA:323,1
DA:325,5
DA:326,5
DA:332,1
DA:333,5
DA:334,1
DA:337,1
DA:338,2
DA:339,4
DA:340,2
DA:351,1
DA:352,2
DA:353,2
DA:355,2
DA:356,1
DA:361,2
DA:362,5
DA:363,3
DA:366,1
DA:367,1
DA:369,1
DA:370,2
DA:372,1
DA:375,2
DA:376,5
DA:377,3
DA:380,1
DA:381,1
DA:383,5
DA:385,1
DA:388,1
DA:389,2
DA:390,1
DA:391,2
DA:392,1
DA:394,1
DA:398,1
DA:399,1
DA:400,2
DA:401,2
DA:402,2
DA:403,1
DA:404,1
DA:405,1
DA:406,1
DA:407,1
DA:413,1
LF:162
LH:158
end_of_record
SF:lib/features/decoding/domain/services/alpha_beta_filter.dart
DA:17,2
DA:20,6
DA:21,6
DA:34,4
DA:37,4
DA:40,2
DA:43,2
DA:47,4
DA:50,2
DA:53,2
DA:54,2
DA:55,2
DA:56,2
DA:57,2
DA:58,2
DA:59,2
DA:64,2
DA:65,2
DA:66,8
DA:67,8
DA:74,2
DA:75,2
DA:76,1
DA:80,4
DA:81,4
DA:82,10
DA:84,8
DA:85,8
DA:87,2
DA:88,10
DA:89,10
DA:94,2
DA:95,2
DA:96,2
DA:97,2
DA:98,2
DA:99,2
DA:100,2
LF:38
LH:38
end_of_record
SF:lib/features/decoding/domain/services/envelope_detector.dart
DA:9,1
DA:12,2
DA:13,2
DA:24,2
DA:28,1
DA:29,4
DA:30,4
DA:32,2
DA:33,6
DA:35,6
DA:37,1
DA:41,1
DA:42,1
LF:13
LH:13
end_of_record
SF:lib/features/decoding/domain/services/fft.dart
DA:9,1
DA:11,1
DA:15,1
DA:20,4
DA:21,4
DA:23,1
DA:24,4
DA:27,1
DA:28,4
DA:29,5
DA:30,3
DA:31,3
DA:38,1
DA:39,1
DA:41,3
DA:42,1
DA:43,2
DA:44,3
DA:45,2
DA:46,3
DA:47,3
DA:48,1
DA:49,2
DA:50,5
DA:51,5
DA:52,3
DA:53,3
DA:54,2
DA:55,2
DA:63,1
DA:64,2
DA:65,2
DA:66,4
DA:67,2
DA:68,2
DA:70,1
DA:71,3
DA:72,3
DA:73,8
DA:79,1
DA:80,3
DA:85,1
DA:86,4
DA:89,1
DA:91,3
DA:92,2
DA:93,2
DA:94,1
DA:95,1
DA:97,1
DA:98,1
DA:99,1
DA:100,2
DA:101,1
DA:102,1
DA:103,2
DA:104,1
LF:57
LH:57
end_of_record
SF:lib/features/decoding/domain/services/goertzel.dart
DA:10,1
DA:15,1
DA:25,1
DA:26,6
DA:27,4
DA:28,3
DA:29,8
DA:36,1
DA:40,2
DA:41,4
DA:46,7
DA:54,1
DA:58,1
DA:59,5
DA:60,3
DA:61,2
DA:68,0
DA:70,0
DA:71,0
DA:73,0
DA:75,0
LF:21
LH:16
end_of_record
SF:lib/features/decoding/domain/services/morse_decoder.dart
DA:17,1
DA:30,1
DA:31,1
DA:38,1
DA:42,1
DA:44,1
DA:45,1
DA:47,1
DA:48,1
DA:50,2
DA:51,1
DA:52,4
DA:53,1
DA:55,1
DA:58,2
DA:59,2
DA:61,2
DA:62,1
DA:63,1
DA:65,1
DA:66,1
DA:67,1
DA:72,1
DA:74,1
DA:77,1
DA:78,1
DA:79,1
DA:80,1
DA:82,1
DA:87,1
DA:89,3
DA:90,3
DA:91,1
DA:92,1
DA:93,1
DA:94,2
LF:36
LH:36
end_of_record
SF:lib/features/encoding/domain/models/morse_code_table.dart
DA:5,0
DA:29,3
DA:31,1
DA:32,1
DA:33,2
DA:34,2
DA:35,3
DA:43,3
DA:44,3
DA:45,3
DA:49,1
DA:50,2
DA:55,1
DA:56,2
LF:14
LH:13
end_of_record
SF:lib/features/decoding/domain/services/noise_floor_estimator.dart
DA:6,1
DA:7,2
DA:14,2
DA:17,3
DA:21,4
DA:24,1
DA:25,2
DA:26,4
DA:27,2
DA:32,1
DA:33,2
DA:36,1
DA:37,2
DA:38,3
DA:39,2
DA:40,2
DA:41,5
DA:42,1
LF:18
LH:18
end_of_record
SF:lib/core/constants/app_constants.dart
DA:3,0
LF:1
LH:0
end_of_record
SF:lib/features/encoding/data/datasources/local_storage_datasource.dart
DA:11,2
DA:12,4
DA:15,2
DA:16,2
DA:18,0
DA:26,1
DA:27,2
DA:31,1
DA:32,2
DA:35,1
DA:36,2
DA:40,1
DA:41,2
DA:44,1
DA:45,2
DA:46,1
DA:47,1
DA:48,1
DA:51,1
DA:52,2
DA:54,1
DA:58,1
DA:59,2
LF:23
LH:22
end_of_record
SF:lib/features/encoding/data/repositories/settings_repository_impl.dart
DA:7,1
DA:11,1
DA:12,2
DA:14,1
DA:15,2
DA:17,1
DA:18,2
DA:20,1
DA:21,2
LF:9
LH:9
end_of_record
SF:lib/features/encoding/data/repositories/text_history_repository_impl.dart
DA:8,1
DA:12,1
DA:13,2
DA:15,1
DA:17,1
DA:19,1
DA:20,1
DA:21,2
DA:22,1
DA:24,1
DA:27,2
DA:30,1
DA:31,2
LF:13
LH:13
end_of_record
SF:lib/features/encoding/domain/models/encoding_mode.dart
DA:12,0
DA:13,0
DA:14,0
DA:15,0
DA:18,0
DA:19,0
DA:20,0
DA:21,0
DA:24,0
DA:25,0
DA:26,0
DA:27,0
LF:12
LH:0
end_of_record
SF:lib/features/encoding/domain/models/encoding_settings.dart
DA:9,1
DA:21,6
DA:24,6
DA:27,4
DA:30,6
DA:33,6
DA:35,1
DA:40,1
DA:41,1
DA:42,1
DA:43,1
DA:47,1
DA:48,4
LF:13
LH:13
end_of_record
SF:lib/features/encoding/domain/models/morse_symbol.dart
DA:8,1
DA:29,3
DA:31,0
DA:32,0
LF:4
LH:2
end_of_record
SF:lib/features/encoding/domain/services/morse_encoder.dart
DA:10,1
DA:11,1
DA:14,3
DA:15,1
DA:16,1
DA:24,1
DA:26,1
DA:28,3
DA:29,2
DA:30,3
DA:31,3
DA:32,2
DA:37,1
DA:38,1
DA:46,1
DA:49,3
DA:50,2
DA:51,1
DA:54,2
DA:55,2
DA:57,2
DA:66,1
DA:70,1
DA:72,3
DA:73,1
DA:75,2
DA:76,1
DA:77,1
DA:79,2
DA:86,4
DA:87,3
DA:89,2
DA:90,2
DA:92,1
DA:93,1
DA:100,4
DA:101,1
DA:102,1
DA:104,2
DA:112,3
DA:113,2
DA:114,2
DA:115,2
DA:116,2
DA:117,1
DA:118,1
DA:133,1
LF:47
LH:47
end_of_record
SF:lib/core/utils/wav_generator.dart
DA:6,1
DA:20,1
DA:25,1
DA:26,1
DA:28,4
DA:31,1
DA:34,2
DA:35,2
DA:36,1
DA:37,1
DA:39,1
DA:42,1
DA:45,1
DA:51,1
DA:52,2
DA:53,1
DA:54,2
DA:55,6
DA:56,5
DA:60,1
DA:61,2
DA:62,4
DA:66,5
DA:68,1
DA:69,2
DA:70,2
DA:71,2
DA:73,1
DA:74,2
DA:75,1
DA:76,1
DA:78,1
DA:79,1
DA:80,1
DA:81,2
DA:82,3
DA:83,1
DA:84,1
DA:85,1
DA:86,1
DA:88,3
DA:89,4
DA:95,1
DA:96,3
DA:97,3
LF:45
LH:45
end_of_record
SF:lib/app.dart
DA:8,1
DA:10,1
DA:11,1
DA:17,1
DA:19,2
DA:20,1
DA:23,1
DA:25,1
DA:26,1
DA:27,1
DA:28,1
DA:31,1
DA:32,1
DA:33,2
DA:34,1
DA:35,2
DA:36,2
LF:17
LH:17
end_of_record
SF:lib/core/theme/app_theme.dart
DA:5,0
DA:7,2
DA:10,1
DA:21,2
DA:24,1
LF:5
LH:4
end_of_record
SF:lib/core/theme/theme_controller.dart
DA:8,2
DA:10,0
DA:11,0
DA:12,0
DA:13,0
DA:14,0
DA:16,0
LF:7
LH:1
end_of_record
SF:lib/features/main/presentation/main_screen.dart
DA:9,1
DA:18,1
DA:20,1
DA:21,1
DA:22,1
DA:23,1
DA:25,1
DA:26,1
DA:27,2
DA:28,1
DA:29,1
DA:34,2
DA:35,0
DA:37,0
DA:46,1
DA:47,1
DA:48,1
DA:49,1
DA:51,1
DA:54,0
DA:58,1
DA:59,1
DA:61,1
DA:64,0
DA:71,0
DA:72,0
DA:73,0
DA:74,0
DA:75,0
DA:76,0
DA:82,0
DA:83,0
DA:84,0
DA:85,0
DA:86,0
DA:87,0
DA:95,1
DA:105,1
DA:107,1
DA:108,1
DA:109,1
DA:110,2
DA:111,1
DA:113,1
DA:114,1
DA:115,2
DA:118,1
LF:47
LH:31
end_of_record
SF:lib/core/services/torch_service.dart
DA:20,0
LF:1
LH:0
end_of_record
SF:lib/core/services/torch_service_io.dart
DA:7,0
DA:8,0
DA:10,0
DA:11,0
DA:13,0
DA:14,0
DA:18,0
LF:7
LH:0
end_of_record
SF:lib/features/decoding/data/camera_capture_service.dart
DA:14,0
DA:23,0
DA:25,0
DA:26,0
DA:28,0
DA:30,0
DA:32,0
DA:33,0
DA:35,0
DA:38,0
DA:39,0
DA:41,0
DA:42,0
DA:47,0
DA:49,0
DA:50,0
DA:52,0
DA:53,0
DA:59,0
DA:63,0
DA:66,0
DA:73,0
DA:76,0
DA:80,0
DA:81,0
DA:83,0
DA:84,0
DA:85,0
DA:89,0
DA:91,0
DA:92,0
DA:93,0
DA:99,0
DA:103,0
DA:104,0
DA:105,0
DA:106,0
DA:107,0
DA:109,0
DA:110,0
DA:112,0
DA:113,0
DA:114,0
DA:115,0
DA:116,0
DA:117,0
DA:118,0
DA:119,0
DA:121,0
DA:126,0
DA:130,0
DA:135,0
DA:136,0
DA:137,0
DA:138,0
LF:55
LH:0
end_of_record
SF:lib/features/decoding/domain/services/audio_decoder.dart
DA:36,0
DA:49,0
DA:50,0
DA:74,0
DA:98,0
DA:99,0
DA:100,0
DA:102,0
DA:103,0
DA:104,0
DA:105,0
DA:109,0
DA:110,0
DA:112,0
DA:113,0
DA:114,0
DA:115,0
DA:116,0
DA:117,0
DA:118,0
DA:119,0
DA:125,0
DA:126,0
DA:128,0
DA:129,0
DA:130,0
DA:131,0
DA:138,0
DA:139,0
DA:140,0
DA:141,0
DA:142,0
DA:147,0
DA:148,0
DA:150,0
DA:152,0
DA:153,0
DA:154,0
DA:155,0
DA:156,0
DA:157,0
DA:163,0
DA:164,0
DA:166,0
DA:167,0
DA:168,0
DA:169,0
DA:173,0
DA:174,0
DA:175,0
DA:181,0
DA:182,0
DA:183,0
DA:184,0
DA:187,0
DA:188,0
DA:192,0
DA:193,0
DA:194,0
DA:195,0
DA:197,0
DA:199,0
DA:200,0
DA:201,0
DA:202,0
DA:207,0
DA:208,0
DA:209,0
DA:211,0
DA:212,0
DA:213,0
DA:215,0
DA:217,0
DA:219,0
DA:220,0
DA:221,0
DA:222,0
DA:224,0
DA:225,0
DA:226,0
DA:230,0
DA:231,0
DA:232,0
DA:236,0
DA:237,0
DA:238,0
DA:239,0
DA:240,0
DA:241,0
DA:245,0
DA:246,0
DA:247,0
DA:252,0
DA:253,0
DA:255,0
DA:256,0
DA:257,0
DA:258,0
DA:259,0
DA:262,0
DA:263,0
DA:264,0
DA:265,0
DA:266,0
DA:268,0
DA:271,0
DA:275,0
DA:276,0
DA:277,0
DA:279,0
DA:281,0
DA:282,0
DA:287,0
DA:288,0
DA:289,0
DA:290,0
DA:291,0
DA:292,0
DA:293,0
DA:294,0
DA:295,0
DA:296,0
DA:297,0
LF:123
LH:0
end_of_record
SF:lib/features/decoding/presentation/controllers/decoding_controller.dart
DA:22,0
DA:47,0
DA:48,0
DA:49,0
DA:51,0
DA:52,0
DA:53,0
DA:57,0
DA:58,0
DA:62,0
DA:63,0
DA:64,0
DA:65,0
DA:66,0
DA:67,0
DA:71,0
DA:72,0
DA:73,0
DA:74,0
DA:76,0
DA:77,0
DA:81,0
DA:82,0
DA:83,0
DA:85,0
DA:87,0
DA:88,0
DA:92,0
DA:93,0
DA:94,0
DA:95,0
DA:96,0
DA:97,0
DA:98,0
DA:103,0
DA:104,0
DA:105,0
DA:107,0
DA:109,0
DA:110,0
DA:114,0
DA:115,0
DA:116,0
DA:120,0
DA:121,0
DA:122,0
DA:123,0
DA:127,0
DA:128,0
DA:129,0
DA:130,0
DA:131,0
DA:132,0
DA:133,0
DA:136,0
DA:137,0
DA:138,0
DA:139,0
DA:140,0
DA:141,0
DA:142,0
DA:146,0
DA:147,0
DA:148,0
DA:149,0
DA:150,0
DA:151,0
DA:155,0
DA:156,0
DA:157,0
DA:158,0
DA:161,0
DA:163,0
DA:164,0
DA:165,0
DA:166,0
DA:167,0
LF:77
LH:0
end_of_record
SF:lib/features/decoding/presentation/screens/listen_screen.dart
DA:16,0
DA:25,0
DA:26,0
DA:33,0
DA:35,0
DA:36,0
DA:37,0
DA:40,0
DA:42,0
DA:43,0
DA:44,0
DA:47,0
DA:48,0
DA:49,0
DA:51,0
DA:61,0
DA:64,0
DA:66,0
DA:67,0
DA:68,0
DA:69,0
DA:70,0
DA:71,0
DA:73,0
DA:74,0
DA:75,0
DA:76,0
DA:77,0
DA:78,0
DA:81,0
DA:82,0
DA:86,0
DA:88,0
DA:89,0
DA:91,0
DA:93,0
DA:95,0
DA:97,0
DA:110,0
DA:111,0
DA:112,0
DA:113,0
DA:114,0
DA:116,0
DA:121,0
DA:122,0
DA:123,0
DA:124,0
DA:125,0
DA:126,0
DA:127,0
DA:130,0
DA:131,0
DA:134,0
DA:135,0
DA:139,0
DA:140,0
DA:141,0
DA:143,0
DA:145,0
DA:155,0
DA:156,0
DA:157,0
DA:158,0
DA:159,0
DA:160,0
DA:162,0
DA:163,0
DA:171,0
DA:177,0
DA:178,0
DA:179,0
DA:180,0
DA:181,0
DA:182,0
DA:187,0
DA:188,0
DA:189,0
DA:194,0
DA:195,0
DA:203,0
DA:204,0
DA:205,0
DA:206,0
DA:207,0
DA:209,0
LF:86
LH:0
end_of_record
SF:lib/features/encoding/presentation/widgets/app_top_bar.dart
DA:8,1
DA:17,1
DA:20,1
DA:22,1
DA:27,1
DA:29,1
DA:37,1
DA:39,3
DA:43,1
DA:44,1
DA:45,2
DA:46,1
DA:47,1
DA:53,2
DA:54,1
DA:55,0
DA:56,0
DA:59,2
DA:60,1
DA:61,0
DA:62,0
LF:21
LH:17
end_of_record
SF:lib/features/decoding/presentation/screens/receive_screen.dart
DA:10,0
DA:19,0
DA:21,0
DA:22,0
DA:23,0
DA:24,0
DA:26,0
DA:27,0
DA:28,0
DA:29,0
DA:30,0
DA:35,0
DA:36,0
DA:38,0
DA:47,0
DA:48,0
DA:49,0
DA:50,0
DA:52,0
DA:55,0
DA:57,0
DA:58,0
DA:59,0
DA:65,0
DA:66,0
DA:68,0
DA:71,0
DA:73,0
DA:74,0
DA:75,0
DA:84,0
DA:85,0
DA:86,0
DA:92,0
DA:102,0
DA:104,0
DA:105,0
DA:106,0
DA:107,0
DA:108,0
DA:110,0
DA:111,0
DA:112,0
DA:115,0
LF:44
LH:0
end_of_record
SF:lib/features/decoding/presentation/screens/see_screen.dart
DA:18,0
DA:27,0
DA:28,0
DA:37,0
DA:39,0
DA:40,0
DA:41,0
DA:42,0
DA:45,0
DA:47,0
DA:48,0
DA:49,0
DA:52,0
DA:53,0
DA:54,0
DA:56,0
DA:67,0
DA:68,0
DA:71,0
DA:74,0
DA:75,0
DA:78,0
DA:80,0
DA:81,0
DA:82,0
DA:83,0
DA:84,0
DA:85,0
DA:87,0
DA:88,0
DA:89,0
DA:90,0
DA:91,0
DA:92,0
DA:95,0
DA:96,0
DA:100,0
DA:102,0
DA:103,0
DA:105,0
DA:107,0
DA:109,0
DA:111,0
DA:113,0
DA:126,0
DA:127,0
DA:128,0
DA:129,0
DA:130,0
DA:132,0
DA:134,0
DA:140,0
DA:141,0
DA:142,0
DA:143,0
DA:144,0
DA:145,0
DA:146,0
DA:149,0
DA:150,0
DA:153,0
DA:154,0
DA:158,0
DA:159,0
DA:160,0
DA:162,0
DA:164,0
DA:174,0
DA:175,0
DA:176,0
DA:177,0
DA:178,0
DA:179,0
DA:181,0
DA:182,0
DA:190,0
DA:196,0
DA:197,0
DA:198,0
DA:199,0
DA:200,0
DA:201,0
DA:203,0
DA:204,0
DA:205,0
DA:206,0
DA:207,0
DA:209,0
DA:210,0
DA:213,0
DA:214,0
DA:216,0
DA:217,0
DA:218,0
DA:220,0
DA:222,0
DA:223,0
DA:225,0
DA:227,0
DA:228,0
DA:231,0
DA:234,0
DA:236,0
DA:237,0
DA:243,0
DA:246,0
DA:251,0
DA:252,0
DA:253,0
DA:255,0
DA:257,0
DA:258,0
DA:263,0
DA:273,0
DA:274,0
DA:275,0
DA:276,0
DA:277,0
DA:278,0
DA:280,0
DA:287,0
DA:288,0
DA:289,0
DA:299,0
DA:300,0
DA:301,0
DA:302,0
DA:303,0
DA:304,0
DA:309,0
DA:310,0
DA:311,0
DA:316,0
DA:317,0
DA:325,0
DA:326,0
DA:327,0
DA:328,0
DA:329,0
DA:331,0
LF:140
LH:0
end_of_record
SF:lib/features/encoding/domain/models/transmission_state.dart
DA:14,1
DA:25,0
DA:26,0
DA:28,0
DA:32,0
DA:33,0
DA:34,0
DA:38,0
DA:39,0
LF:9
LH:1
end_of_record
SF:lib/features/encoding/domain/services/morse_transmitter.dart
DA:20,0
DA:30,0
DA:36,0
DA:38,0
DA:41,0
DA:42,0
DA:44,0
DA:45,0
DA:49,0
DA:50,0
DA:51,0
DA:52,0
DA:54,0
DA:59,0
DA:60,0
DA:62,0
DA:63,0
DA:64,0
DA:65,0
DA:66,0
DA:67,0
DA:70,0
DA:71,0
DA:72,0
DA:73,0
DA:76,0
DA:82,0
DA:83,0
DA:84,0
DA:89,0
DA:94,0
DA:95,0
DA:96,0
DA:97,0
DA:98,0
DA:99,0
DA:103,0
DA:104,0
DA:105,0
DA:108,0
DA:112,0
DA:114,0
DA:115,0
DA:116,0
DA:117,0
DA:120,0
DA:121,0
DA:124,0
DA:125,0
DA:126,0
DA:127,0
DA:128,0
DA:130,0
DA:132,0
DA:133,0
DA:136,0
LF:56
LH:0
end_of_record
SF:lib/features/encoding/presentation/controllers/encoding_controller.dart
DA:14,0
DA:37,0
DA:38,0
DA:39,0
DA:40,0
DA:41,0
DA:42,0
DA:43,0
DA:47,0
DA:48,0
DA:49,0
DA:50,0
DA:51,0
DA:52,0
DA:53,0
DA:54,0
DA:57,0
DA:58,0
DA:59,0
DA:62,0
DA:63,0
DA:64,0
DA:67,0
DA:68,0
DA:69,0
DA:70,0
DA:73,0
DA:74,0
DA:75,0
DA:76,0
DA:79,0
DA:80,0
DA:82,0
DA:83,0
DA:84,0
DA:85,0
DA:88,0
DA:89,0
DA:91,0
DA:93,0
DA:95,0
DA:97,0
DA:98,0
DA:100,0
DA:103,0
DA:104,0
DA:107,0
DA:109,0
DA:110,0
DA:112,0
DA:114,0
DA:119,0
DA:120,0
DA:121,0
DA:122,0
DA:123,0
DA:126,0
DA:128,0
DA:129,0
LF:59
LH:0
end_of_record
SF:lib/features/encoding/presentation/screens/send_mode_screen.dart
DA:13,0
DA:24,0
DA:25,0
DA:32,0
DA:34,0
DA:35,0
DA:36,0
DA:39,0
DA:41,0
DA:42,0
DA:43,0
DA:46,0
DA:48,0
DA:49,0
DA:50,0
DA:51,0
DA:52,0
DA:53,0
DA:55,0
DA:56,0
DA:57,0
DA:58,0
DA:59,0
DA:60,0
DA:63,0
DA:64,0
DA:68,0
DA:70,0
DA:71,0
DA:73,0
DA:74,0
DA:76,0
DA:78,0
DA:79,0
DA:80,0
DA:81,0
DA:82,0
DA:83,0
DA:84,0
DA:85,0
DA:98,0
DA:99,0
DA:100,0
DA:101,0
DA:102,0
DA:104,0
DA:105,0
DA:106,0
DA:112,0
DA:113,0
DA:114,0
DA:115,0
DA:116,0
DA:118,0
DA:119,0
DA:121,0
DA:122,0
DA:123,0
DA:124,0
DA:125,0
DA:129,0
DA:130,0
DA:134,0
DA:135,0
DA:143,0
DA:144,0
DA:145,0
DA:146,0
DA:147,0
DA:149,0
DA:150,0
DA:152,0
DA:153,0
DA:154,0
DA:155,0
DA:156,0
DA:160,0
DA:161,0
DA:165,0
DA:166,0
DA:174,0
DA:175,0
DA:176,0
DA:177,0
DA:178,0
DA:179,0
DA:186,0
DA:189,0
DA:191,0
DA:193,0
DA:194,0
DA:195,0
DA:197,0
DA:198,0
DA:203,0
DA:204,0
DA:206,0
DA:207,0
DA:216,0
DA:217,0
DA:218,0
DA:219,0
DA:220,0
DA:222,0
DA:228,0
DA:234,0
DA:235,0
DA:236,0
DA:237,0
DA:238,0
DA:239,0
DA:240,0
DA:241,0
DA:243,0
DA:249,0
DA:250,0
DA:252,0
DA:253,0
DA:255,0
DA:266,0
DA:267,0
DA:268,0
DA:269,0
DA:272,0
DA:273,0
DA:274,0
LF:126
LH:0
end_of_record
SF:lib/features/encoding/presentation/widgets/morse_transmission_label.dart
DA:8,0
DA:17,0
DA:19,0
DA:21,0
DA:22,0
DA:24,0
DA:25,0
DA:26,0
DA:27,0
DA:28,0
DA:34,0
DA:37,0
DA:40,0
DA:44,0
DA:45,0
DA:47,0
DA:52,0
DA:57,0
DA:58,0
DA:59,0
DA:60,0
DA:63,0
DA:64,0
DA:65,0
LF:24
LH:0
end_of_record
SF:lib/features/encoding/presentation/screens/send_screen.dart
DA:9,0
DA:18,0
DA:20,0
DA:21,0
DA:22,0
DA:23,0
DA:25,0
DA:26,0
DA:27,0
DA:28,0
DA:29,0
DA:34,0
DA:35,0
DA:37,0
DA:46,0
DA:47,0
DA:48,0
DA:49,0
DA:51,0
DA:53,0
DA:57,0
DA:60,0
DA:64,0
DA:65,0
DA:66,0
DA:68,0
DA:69,0
DA:77,0
DA:82,0
DA:84,0
DA:85,0
DA:86,0
DA:87,0
DA:88,0
DA:90,0
DA:91,0
DA:92,0
DA:95,0
LF:38
LH:0
end_of_record
